;  LST file generated by mikroListExporter - v.2.0 
; Date/Time: 12/14/2020 5:08:48 PM
;----------------------------------------------

;Address Opcode 	ASM
0x0000	0x29C2      	GOTO       450
_Delay_50us:
;__Lib_Delays.c,19 :: 		void Delay_50us() {
;__Lib_Delays.c,20 :: 		Delay_us(50);
0x0003	0x3021      	MOVLW      33
0x0004	0x1283      	BCF        STATUS, 5
0x0005	0x1303      	BCF        STATUS, 6
0x0006	0x00FD      	MOVWF      R13
L_Delay_50us2:
0x0007	0x0BFD      	DECFSZ     R13, 1
0x0008	0x2807      	GOTO       L_Delay_50us2
;__Lib_Delays.c,21 :: 		}
L_end_Delay_50us:
0x0009	0x0008      	RETURN
; end of _Delay_50us
_Delay_1us:
;__Lib_Delays.c,7 :: 		void Delay_1us() {
;__Lib_Delays.c,8 :: 		Delay_us(1);
0x000A	0x0000      	NOP
0x000B	0x0000      	NOP
;__Lib_Delays.c,9 :: 		}
L_end_Delay_1us:
0x000C	0x0008      	RETURN
; end of _Delay_1us
_Delay_5500us:
;__Lib_Delays.c,31 :: 		void Delay_5500us() {
;__Lib_Delays.c,32 :: 		Delay_us(5500);
0x000D	0x300F      	MOVLW      15
0x000E	0x1283      	BCF        STATUS, 5
0x000F	0x1303      	BCF        STATUS, 6
0x0010	0x00FC      	MOVWF      R12
0x0011	0x3047      	MOVLW      71
0x0012	0x00FD      	MOVWF      R13
L_Delay_5500us5:
0x0013	0x0BFD      	DECFSZ     R13, 1
0x0014	0x2813      	GOTO       L_Delay_5500us5
0x0015	0x0BFC      	DECFSZ     R12, 1
0x0016	0x2813      	GOTO       L_Delay_5500us5
0x0017	0x0000      	NOP
0x0018	0x0000      	NOP
;__Lib_Delays.c,33 :: 		}
L_end_Delay_5500us:
0x0019	0x0008      	RETURN
; end of _Delay_5500us
_Lcd_Cmd:
;__Lib_Lcd.c,18 :: 		
;__Lib_Lcd.c,20 :: 		
0x001A	0x1683      	BSF        STATUS, 5
0x001B	0x1303      	BCF        STATUS, 6
0x001C	0x1BB5      	BTFSC      FARG_Lcd_Cmd_out_char, 7
0x001D	0x2821      	GOTO       L__Lcd_Cmd21
0x001E	0x1283      	BCF        STATUS, 5
0x001F	0x1387      	BCF        LCD_D7, BitPos(LCD_D7+0)
0x0020	0x2823      	GOTO       L__Lcd_Cmd22
L__Lcd_Cmd21:
0x0021	0x1283      	BCF        STATUS, 5
0x0022	0x1787      	BSF        LCD_D7, BitPos(LCD_D7+0)
L__Lcd_Cmd22:
;__Lib_Lcd.c,21 :: 		
0x0023	0x1683      	BSF        STATUS, 5
0x0024	0x1B35      	BTFSC      FARG_Lcd_Cmd_out_char, 6
0x0025	0x2829      	GOTO       L__Lcd_Cmd23
0x0026	0x1283      	BCF        STATUS, 5
0x0027	0x1307      	BCF        LCD_D6, BitPos(LCD_D6+0)
0x0028	0x282B      	GOTO       L__Lcd_Cmd24
L__Lcd_Cmd23:
0x0029	0x1283      	BCF        STATUS, 5
0x002A	0x1707      	BSF        LCD_D6, BitPos(LCD_D6+0)
L__Lcd_Cmd24:
;__Lib_Lcd.c,22 :: 		
0x002B	0x1683      	BSF        STATUS, 5
0x002C	0x1AB5      	BTFSC      FARG_Lcd_Cmd_out_char, 5
0x002D	0x2831      	GOTO       L__Lcd_Cmd25
0x002E	0x1283      	BCF        STATUS, 5
0x002F	0x1287      	BCF        LCD_D5, BitPos(LCD_D5+0)
0x0030	0x2833      	GOTO       L__Lcd_Cmd26
L__Lcd_Cmd25:
0x0031	0x1283      	BCF        STATUS, 5
0x0032	0x1687      	BSF        LCD_D5, BitPos(LCD_D5+0)
L__Lcd_Cmd26:
;__Lib_Lcd.c,23 :: 		
0x0033	0x1683      	BSF        STATUS, 5
0x0034	0x1A35      	BTFSC      FARG_Lcd_Cmd_out_char, 4
0x0035	0x2839      	GOTO       L__Lcd_Cmd27
0x0036	0x1283      	BCF        STATUS, 5
0x0037	0x1207      	BCF        LCD_D4, BitPos(LCD_D4+0)
0x0038	0x283B      	GOTO       L__Lcd_Cmd28
L__Lcd_Cmd27:
0x0039	0x1283      	BCF        STATUS, 5
0x003A	0x1607      	BSF        LCD_D4, BitPos(LCD_D4+0)
L__Lcd_Cmd28:
;__Lib_Lcd.c,25 :: 		
0x003B	0x186A      	BTFSC      __Lib_Lcd_cmd_status, BitPos(__Lib_Lcd_cmd_status+0)
0x003C	0x283F      	GOTO       L__Lcd_Cmd29
0x003D	0x1507      	BSF        LCD_RS, BitPos(LCD_RS+0)
0x003E	0x2840      	GOTO       L__Lcd_Cmd30
L__Lcd_Cmd29:
0x003F	0x1107      	BCF        LCD_RS, BitPos(LCD_RS+0)
L__Lcd_Cmd30:
;__Lib_Lcd.c,28 :: 		
0x0040	0x1587      	BSF        LCD_EN, BitPos(LCD_EN+0)
;__Lib_Lcd.c,29 :: 		
0x0041	0x200A      	CALL       _Delay_1us
;__Lib_Lcd.c,30 :: 		
0x0042	0x1187      	BCF        LCD_EN, BitPos(LCD_EN+0)
;__Lib_Lcd.c,33 :: 		
0x0043	0x1683      	BSF        STATUS, 5
0x0044	0x19B5      	BTFSC      FARG_Lcd_Cmd_out_char, 3
0x0045	0x2849      	GOTO       L__Lcd_Cmd31
0x0046	0x1283      	BCF        STATUS, 5
0x0047	0x1387      	BCF        LCD_D7, BitPos(LCD_D7+0)
0x0048	0x284B      	GOTO       L__Lcd_Cmd32
L__Lcd_Cmd31:
0x0049	0x1283      	BCF        STATUS, 5
0x004A	0x1787      	BSF        LCD_D7, BitPos(LCD_D7+0)
L__Lcd_Cmd32:
;__Lib_Lcd.c,34 :: 		
0x004B	0x1683      	BSF        STATUS, 5
0x004C	0x1935      	BTFSC      FARG_Lcd_Cmd_out_char, 2
0x004D	0x2851      	GOTO       L__Lcd_Cmd33
0x004E	0x1283      	BCF        STATUS, 5
0x004F	0x1307      	BCF        LCD_D6, BitPos(LCD_D6+0)
0x0050	0x2853      	GOTO       L__Lcd_Cmd34
L__Lcd_Cmd33:
0x0051	0x1283      	BCF        STATUS, 5
0x0052	0x1707      	BSF        LCD_D6, BitPos(LCD_D6+0)
L__Lcd_Cmd34:
;__Lib_Lcd.c,35 :: 		
0x0053	0x1683      	BSF        STATUS, 5
0x0054	0x18B5      	BTFSC      FARG_Lcd_Cmd_out_char, 1
0x0055	0x2859      	GOTO       L__Lcd_Cmd35
0x0056	0x1283      	BCF        STATUS, 5
0x0057	0x1287      	BCF        LCD_D5, BitPos(LCD_D5+0)
0x0058	0x285B      	GOTO       L__Lcd_Cmd36
L__Lcd_Cmd35:
0x0059	0x1283      	BCF        STATUS, 5
0x005A	0x1687      	BSF        LCD_D5, BitPos(LCD_D5+0)
L__Lcd_Cmd36:
;__Lib_Lcd.c,36 :: 		
0x005B	0x1683      	BSF        STATUS, 5
0x005C	0x1835      	BTFSC      FARG_Lcd_Cmd_out_char, 0
0x005D	0x2861      	GOTO       L__Lcd_Cmd37
0x005E	0x1283      	BCF        STATUS, 5
0x005F	0x1207      	BCF        LCD_D4, BitPos(LCD_D4+0)
0x0060	0x2863      	GOTO       L__Lcd_Cmd38
L__Lcd_Cmd37:
0x0061	0x1283      	BCF        STATUS, 5
0x0062	0x1607      	BSF        LCD_D4, BitPos(LCD_D4+0)
L__Lcd_Cmd38:
;__Lib_Lcd.c,38 :: 		
0x0063	0x186A      	BTFSC      __Lib_Lcd_cmd_status, BitPos(__Lib_Lcd_cmd_status+0)
0x0064	0x2867      	GOTO       L__Lcd_Cmd39
0x0065	0x1507      	BSF        LCD_RS, BitPos(LCD_RS+0)
0x0066	0x2868      	GOTO       L__Lcd_Cmd40
L__Lcd_Cmd39:
0x0067	0x1107      	BCF        LCD_RS, BitPos(LCD_RS+0)
L__Lcd_Cmd40:
;__Lib_Lcd.c,40 :: 		
0x0068	0x1587      	BSF        LCD_EN, BitPos(LCD_EN+0)
;__Lib_Lcd.c,41 :: 		
0x0069	0x200A      	CALL       _Delay_1us
;__Lib_Lcd.c,42 :: 		
0x006A	0x1187      	BCF        LCD_EN, BitPos(LCD_EN+0)
;__Lib_Lcd.c,44 :: 		
0x006B	0x1C6A      	BTFSS      __Lib_Lcd_cmd_status, BitPos(__Lib_Lcd_cmd_status+0)
0x006C	0x286F      	GOTO       L_Lcd_Cmd0
;__Lib_Lcd.c,45 :: 		
0x006D	0x200D      	CALL       _Delay_5500us
0x006E	0x2870      	GOTO       L_Lcd_Cmd1
L_Lcd_Cmd0:
;__Lib_Lcd.c,47 :: 		
0x006F	0x2003      	CALL       _Delay_50us
L_Lcd_Cmd1:
;__Lib_Lcd.c,48 :: 		
L_end_Lcd_Cmd:
0x0070	0x0008      	RETURN
; end of _Lcd_Cmd
_Lcd_Chr_CP:
;__Lib_Lcd.c,50 :: 		
;__Lib_Lcd.c,52 :: 		
0x0071	0x1283      	BCF        STATUS, 5
0x0072	0x1303      	BCF        STATUS, 6
0x0073	0x106A      	BCF        __Lib_Lcd_cmd_status, BitPos(__Lib_Lcd_cmd_status+0)
;__Lib_Lcd.c,53 :: 		
0x0074	0x1683      	BSF        STATUS, 5
0x0075	0x0834      	MOVF       FARG_Lcd_Chr_CP_out_char, 0
0x0076	0x00B5      	MOVWF      FARG_Lcd_Cmd_out_char
0x0077	0x201A      	CALL       _Lcd_Cmd
;__Lib_Lcd.c,54 :: 		
0x0078	0x146A      	BSF        __Lib_Lcd_cmd_status, BitPos(__Lib_Lcd_cmd_status+0)
;__Lib_Lcd.c,55 :: 		
L_end_Lcd_Chr_CP:
0x0079	0x0008      	RETURN
; end of _Lcd_Chr_CP
_Lcd_Out:
;__Lib_Lcd.c,184 :: 		
;__Lib_Lcd.c,187 :: 		
0x007A	0x288C      	GOTO       L_Lcd_Out11
;__Lib_Lcd.c,188 :: 		
L_Lcd_Out13:
0x007B	0x3080      	MOVLW      128
0x007C	0x1683      	BSF        STATUS, 5
0x007D	0x1303      	BCF        STATUS, 6
0x007E	0x00B1      	MOVWF      FARG_Lcd_Out_row
0x007F	0x289F      	GOTO       L_Lcd_Out12
;__Lib_Lcd.c,189 :: 		
L_Lcd_Out14:
0x0080	0x30C0      	MOVLW      192
0x0081	0x00B1      	MOVWF      FARG_Lcd_Out_row
0x0082	0x289F      	GOTO       L_Lcd_Out12
;__Lib_Lcd.c,190 :: 		
L_Lcd_Out15:
0x0083	0x3094      	MOVLW      148
0x0084	0x00B1      	MOVWF      FARG_Lcd_Out_row
0x0085	0x289F      	GOTO       L_Lcd_Out12
;__Lib_Lcd.c,191 :: 		
L_Lcd_Out16:
0x0086	0x30D4      	MOVLW      212
0x0087	0x00B1      	MOVWF      FARG_Lcd_Out_row
0x0088	0x289F      	GOTO       L_Lcd_Out12
;__Lib_Lcd.c,192 :: 		
L_Lcd_Out17:
0x0089	0x3080      	MOVLW      128
0x008A	0x00B1      	MOVWF      FARG_Lcd_Out_row
;__Lib_Lcd.c,193 :: 		
0x008B	0x289F      	GOTO       L_Lcd_Out12
L_Lcd_Out11:
0x008C	0x1683      	BSF        STATUS, 5
0x008D	0x1303      	BCF        STATUS, 6
0x008E	0x0831      	MOVF       FARG_Lcd_Out_row, 0
0x008F	0x3A01      	XORLW      1
0x0090	0x1903      	BTFSC      STATUS, 2
0x0091	0x287B      	GOTO       L_Lcd_Out13
0x0092	0x0831      	MOVF       FARG_Lcd_Out_row, 0
0x0093	0x3A02      	XORLW      2
0x0094	0x1903      	BTFSC      STATUS, 2
0x0095	0x2880      	GOTO       L_Lcd_Out14
0x0096	0x0831      	MOVF       FARG_Lcd_Out_row, 0
0x0097	0x3A03      	XORLW      3
0x0098	0x1903      	BTFSC      STATUS, 2
0x0099	0x2883      	GOTO       L_Lcd_Out15
0x009A	0x0831      	MOVF       FARG_Lcd_Out_row, 0
0x009B	0x3A04      	XORLW      4
0x009C	0x1903      	BTFSC      STATUS, 2
0x009D	0x2886      	GOTO       L_Lcd_Out16
0x009E	0x2889      	GOTO       L_Lcd_Out17
L_Lcd_Out12:
;__Lib_Lcd.c,194 :: 		
0x009F	0x0332      	DECF       FARG_Lcd_Out_column, 0
0x00A0	0x00F0      	MOVWF      R0
0x00A1	0x0831      	MOVF       FARG_Lcd_Out_row, 0
0x00A2	0x07F0      	ADDWF      R0, 1
0x00A3	0x0870      	MOVF       R0, 0
0x00A4	0x00B1      	MOVWF      FARG_Lcd_Out_row
;__Lib_Lcd.c,196 :: 		
0x00A5	0x0870      	MOVF       R0, 0
0x00A6	0x00B5      	MOVWF      FARG_Lcd_Cmd_out_char
0x00A7	0x201A      	CALL       _Lcd_Cmd
;__Lib_Lcd.c,197 :: 		
0x00A8	0x106A      	BCF        __Lib_Lcd_cmd_status, BitPos(__Lib_Lcd_cmd_status+0)
;__Lib_Lcd.c,198 :: 		
0x00A9	0x01EF      	CLRF       Lcd_Out_i_L0
;__Lib_Lcd.c,199 :: 		
L_Lcd_Out18:
0x00AA	0x086F      	MOVF       Lcd_Out_i_L0, 0
0x00AB	0x1683      	BSF        STATUS, 5
0x00AC	0x0733      	ADDWF      FARG_Lcd_Out_text, 0
0x00AD	0x0084      	MOVWF      FSR
0x00AE	0x0800      	MOVF       INDF, 0
0x00AF	0x1903      	BTFSC      STATUS, 2
0x00B0	0x28BB      	GOTO       L_Lcd_Out19
;__Lib_Lcd.c,200 :: 		
0x00B1	0x1283      	BCF        STATUS, 5
0x00B2	0x086F      	MOVF       Lcd_Out_i_L0, 0
0x00B3	0x1683      	BSF        STATUS, 5
0x00B4	0x0733      	ADDWF      FARG_Lcd_Out_text, 0
0x00B5	0x0084      	MOVWF      FSR
0x00B6	0x0800      	MOVF       INDF, 0
0x00B7	0x00B4      	MOVWF      FARG_Lcd_Chr_CP_out_char
0x00B8	0x2071      	CALL       _Lcd_Chr_CP
0x00B9	0x0AEF      	INCF       Lcd_Out_i_L0, 1
0x00BA	0x28AA      	GOTO       L_Lcd_Out18
L_Lcd_Out19:
0x00BB	0x1283      	BCF        STATUS, 5
;__Lib_Lcd.c,201 :: 		
0x00BC	0x146A      	BSF        __Lib_Lcd_cmd_status, BitPos(__Lib_Lcd_cmd_status+0)
;__Lib_Lcd.c,202 :: 		
L_end_Lcd_Out:
0x00BD	0x0008      	RETURN
; end of _Lcd_Out
_____DoICP:
;__Lib_System.c,6 :: 		
;__Lib_System.c,9 :: 		
0x00BE	0x1283      	BCF        STATUS, 5
0x00BF	0x1303      	BCF        STATUS, 6
0x00C0	0x0869      	MOVF       ___DoICPAddr+1, 0
0x00C1	0x008A      	MOVWF      PCLATH
;__Lib_System.c,10 :: 		
0x00C2	0x0868      	MOVF       ___DoICPAddr, 0
0x00C3	0x0082      	MOVWF      PCL
;__Lib_System.c,12 :: 		
L_end_____DoICP:
0x00C4	0x0008      	RETURN
; end of _____DoICP
_buzzerOff:
;u1.c,30 :: 		void buzzerOff()
;u1.c,32 :: 		PORTC.f0 = 0;
0x00C5	0x1283      	BCF        STATUS, 5
0x00C6	0x1303      	BCF        STATUS, 6
0x00C7	0x1007      	BCF        PORTC, 0
;u1.c,33 :: 		}
L_end_buzzerOff:
0x00C8	0x0008      	RETURN
; end of _buzzerOff
_buzzerOn:
;u1.c,23 :: 		void buzzerOn()
;u1.c,26 :: 		PORTC.f0 = 1;
0x00C9	0x1283      	BCF        STATUS, 5
0x00CA	0x1303      	BCF        STATUS, 6
0x00CB	0x1407      	BSF        PORTC, 0
;u1.c,28 :: 		}
L_end_buzzerOn:
0x00CC	0x0008      	RETURN
; end of _buzzerOn
_ledstop:
;u1.c,36 :: 		void ledstop()
;u1.c,38 :: 		Lcd_Cmd(_LCD_CLEAR);
0x00CD	0x3001      	MOVLW      1
0x00CE	0x1683      	BSF        STATUS, 5
0x00CF	0x1303      	BCF        STATUS, 6
0x00D0	0x00B5      	MOVWF      FARG_Lcd_Cmd_out_char
0x00D1	0x201A      	CALL       _Lcd_Cmd
;u1.c,39 :: 		Delay_ms(100);
0x00D2	0x3002      	MOVLW      2
0x00D3	0x00FB      	MOVWF      R11
0x00D4	0x3004      	MOVLW      4
0x00D5	0x00FC      	MOVWF      R12
0x00D6	0x30BA      	MOVLW      186
0x00D7	0x00FD      	MOVWF      R13
L_ledstop10:
0x00D8	0x0BFD      	DECFSZ     R13, 1
0x00D9	0x28D8      	GOTO       L_ledstop10
0x00DA	0x0BFC      	DECFSZ     R12, 1
0x00DB	0x28D8      	GOTO       L_ledstop10
0x00DC	0x0BFB      	DECFSZ     R11, 1
0x00DD	0x28D8      	GOTO       L_ledstop10
0x00DE	0x0000      	NOP
;u1.c,40 :: 		Lcd_Out(1,5,"STOP!");
0x00DF	0x3001      	MOVLW      1
0x00E0	0x1683      	BSF        STATUS, 5
0x00E1	0x00B1      	MOVWF      FARG_Lcd_Out_row
0x00E2	0x3005      	MOVLW      5
0x00E3	0x00B2      	MOVWF      FARG_Lcd_Out_column
0x00E4	0x3020      	MOVLW      ?lstr1_u1
0x00E5	0x00B3      	MOVWF      FARG_Lcd_Out_text
0x00E6	0x207A      	CALL       _Lcd_Out
;u1.c,41 :: 		Lcd_Out(2,2,"train alert");
0x00E7	0x3002      	MOVLW      2
0x00E8	0x1683      	BSF        STATUS, 5
0x00E9	0x00B1      	MOVWF      FARG_Lcd_Out_row
0x00EA	0x3002      	MOVLW      2
0x00EB	0x00B2      	MOVWF      FARG_Lcd_Out_column
0x00EC	0x3038      	MOVLW      ?lstr2_u1
0x00ED	0x00B3      	MOVWF      FARG_Lcd_Out_text
0x00EE	0x207A      	CALL       _Lcd_Out
;u1.c,42 :: 		Delay_ms(1000);
0x00EF	0x300B      	MOVLW      11
0x00F0	0x00FB      	MOVWF      R11
0x00F1	0x3026      	MOVLW      38
0x00F2	0x00FC      	MOVWF      R12
0x00F3	0x305D      	MOVLW      93
0x00F4	0x00FD      	MOVWF      R13
L_ledstop11:
0x00F5	0x0BFD      	DECFSZ     R13, 1
0x00F6	0x28F5      	GOTO       L_ledstop11
0x00F7	0x0BFC      	DECFSZ     R12, 1
0x00F8	0x28F5      	GOTO       L_ledstop11
0x00F9	0x0BFB      	DECFSZ     R11, 1
0x00FA	0x28F5      	GOTO       L_ledstop11
0x00FB	0x0000      	NOP
0x00FC	0x0000      	NOP
;u1.c,44 :: 		Lcd_Out(1,5,"     ");
0x00FD	0x3001      	MOVLW      1
0x00FE	0x1683      	BSF        STATUS, 5
0x00FF	0x00B1      	MOVWF      FARG_Lcd_Out_row
0x0100	0x3005      	MOVLW      5
0x0101	0x00B2      	MOVWF      FARG_Lcd_Out_column
0x0102	0x3032      	MOVLW      ?lstr3_u1
0x0103	0x00B3      	MOVWF      FARG_Lcd_Out_text
0x0104	0x207A      	CALL       _Lcd_Out
;u1.c,45 :: 		Lcd_Out(2,2,"           ");
0x0105	0x3002      	MOVLW      2
0x0106	0x1683      	BSF        STATUS, 5
0x0107	0x00B1      	MOVWF      FARG_Lcd_Out_row
0x0108	0x3002      	MOVLW      2
0x0109	0x00B2      	MOVWF      FARG_Lcd_Out_column
0x010A	0x3026      	MOVLW      ?lstr4_u1
0x010B	0x00B3      	MOVWF      FARG_Lcd_Out_text
0x010C	0x207A      	CALL       _Lcd_Out
;u1.c,46 :: 		Delay_ms(500);
0x010D	0x3006      	MOVLW      6
0x010E	0x00FB      	MOVWF      R11
0x010F	0x3013      	MOVLW      19
0x0110	0x00FC      	MOVWF      R12
0x0111	0x30AD      	MOVLW      173
0x0112	0x00FD      	MOVWF      R13
L_ledstop12:
0x0113	0x0BFD      	DECFSZ     R13, 1
0x0114	0x2913      	GOTO       L_ledstop12
0x0115	0x0BFC      	DECFSZ     R12, 1
0x0116	0x2913      	GOTO       L_ledstop12
0x0117	0x0BFB      	DECFSZ     R11, 1
0x0118	0x2913      	GOTO       L_ledstop12
0x0119	0x0000      	NOP
0x011A	0x0000      	NOP
;u1.c,47 :: 		}
L_end_ledstop:
0x011B	0x0008      	RETURN
; end of _ledstop
___CC2DW:
;__Lib_System.c,134 :: 		
;__Lib_System.c,137 :: 		
_CC2D_Loop1:
;__Lib_System.c,139 :: 		
0x011C	0x20BE      	CALL       _____DoICP
0x011D	0x118A      	BCF        PCLATH, 3
0x011E	0x120A      	BCF        PCLATH, 4
;__Lib_System.c,141 :: 		
0x011F	0x0080      	MOVWF      INDF
;__Lib_System.c,142 :: 		
0x0120	0x0A84      	INCF       FSR, 1
;__Lib_System.c,143 :: 		
0x0121	0x0AE8      	INCF       ___DoICPAddr, 1
;__Lib_System.c,145 :: 		
0x0122	0x1903      	BTFSC      STATUS, 2
;__Lib_System.c,146 :: 		
0x0123	0x0AE9      	INCF       ___DoICPAddr+1, 1
;__Lib_System.c,147 :: 		
0x0124	0x03F0      	DECF       R0, 1
;__Lib_System.c,149 :: 		
0x0125	0x1D03      	BTFSS      STATUS, 2
;__Lib_System.c,150 :: 		
0x0126	0x291C      	GOTO       _CC2D_Loop1
;__Lib_System.c,152 :: 		
L_end___CC2DW:
0x0127	0x0008      	RETURN
; end of ___CC2DW
_servoRotate90:
;u1.c,13 :: 		void servoRotate90() {      //function to servo to rotate
;u1.c,15 :: 		for(j=0;j<50;j++)
0x0128	0x1283      	BCF        STATUS, 5
0x0129	0x1303      	BCF        STATUS, 6
0x012A	0x01F1      	CLRF       R1
0x012B	0x01F2      	CLRF       R1+1
L_servoRotate905:
0x012C	0x3000      	MOVLW      0
0x012D	0x0272      	SUBWF      R1+1, 0
0x012E	0x1D03      	BTFSS      STATUS, 2
0x012F	0x2932      	GOTO       L__servoRotate9046
0x0130	0x3032      	MOVLW      50
0x0131	0x0271      	SUBWF      R1, 0
L__servoRotate9046:
0x0132	0x1803      	BTFSC      STATUS, 0
0x0133	0x294D      	GOTO       L_servoRotate906
;u1.c,17 :: 		PORTB.f6 = 1;
0x0134	0x1706      	BSF        PORTB, 6
;u1.c,18 :: 		Delay_us(1500);
0x0135	0x3004      	MOVLW      4
0x0136	0x00FC      	MOVWF      R12
0x0137	0x30E4      	MOVLW      228
0x0138	0x00FD      	MOVWF      R13
L_servoRotate908:
0x0139	0x0BFD      	DECFSZ     R13, 1
0x013A	0x2939      	GOTO       L_servoRotate908
0x013B	0x0BFC      	DECFSZ     R12, 1
0x013C	0x2939      	GOTO       L_servoRotate908
0x013D	0x0000      	NOP
;u1.c,19 :: 		PORTB.f6 = 0;
0x013E	0x1306      	BCF        PORTB, 6
;u1.c,20 :: 		Delay_us(18500);
0x013F	0x3031      	MOVLW      49
0x0140	0x00FC      	MOVWF      R12
0x0141	0x300B      	MOVLW      11
0x0142	0x00FD      	MOVWF      R13
L_servoRotate909:
0x0143	0x0BFD      	DECFSZ     R13, 1
0x0144	0x2943      	GOTO       L_servoRotate909
0x0145	0x0BFC      	DECFSZ     R12, 1
0x0146	0x2943      	GOTO       L_servoRotate909
0x0147	0x0000      	NOP
0x0148	0x0000      	NOP
;u1.c,15 :: 		for(j=0;j<50;j++)
0x0149	0x0AF1      	INCF       R1, 1
0x014A	0x1903      	BTFSC      STATUS, 2
0x014B	0x0AF2      	INCF       R1+1, 1
;u1.c,21 :: 		}
0x014C	0x292C      	GOTO       L_servoRotate905
L_servoRotate906:
;u1.c,22 :: 		}
L_end_servoRotate90:
0x014D	0x0008      	RETURN
; end of _servoRotate90
_Lcd_Init:
;__Lib_Lcd.c,84 :: 		
;__Lib_Lcd.c,86 :: 		
0x014E	0x1683      	BSF        STATUS, 5
0x014F	0x1303      	BCF        STATUS, 6
0x0150	0x1187      	BCF        LCD_EN_Direction, BitPos(LCD_EN_Direction+0)
;__Lib_Lcd.c,87 :: 		
0x0151	0x1107      	BCF        LCD_RS_Direction, BitPos(LCD_RS_Direction+0)
;__Lib_Lcd.c,88 :: 		
0x0152	0x1207      	BCF        LCD_D4_Direction, BitPos(LCD_D4_Direction+0)
;__Lib_Lcd.c,89 :: 		
0x0153	0x1287      	BCF        LCD_D5_Direction, BitPos(LCD_D5_Direction+0)
;__Lib_Lcd.c,90 :: 		
0x0154	0x1307      	BCF        LCD_D6_Direction, BitPos(LCD_D6_Direction+0)
;__Lib_Lcd.c,91 :: 		
0x0155	0x1387      	BCF        LCD_D7_Direction, BitPos(LCD_D7_Direction+0)
;__Lib_Lcd.c,93 :: 		
0x0156	0x1283      	BCF        STATUS, 5
0x0157	0x1187      	BCF        LCD_EN, BitPos(LCD_EN+0)
;__Lib_Lcd.c,94 :: 		
0x0158	0x1107      	BCF        LCD_RS, BitPos(LCD_RS+0)
;__Lib_Lcd.c,95 :: 		
0x0159	0x1387      	BCF        LCD_D7, BitPos(LCD_D7+0)
;__Lib_Lcd.c,96 :: 		
0x015A	0x1307      	BCF        LCD_D6, BitPos(LCD_D6+0)
;__Lib_Lcd.c,97 :: 		
0x015B	0x1287      	BCF        LCD_D5, BitPos(LCD_D5+0)
;__Lib_Lcd.c,98 :: 		
0x015C	0x1207      	BCF        LCD_D4, BitPos(LCD_D4+0)
;__Lib_Lcd.c,100 :: 		
0x015D	0x200D      	CALL       _Delay_5500us
;__Lib_Lcd.c,101 :: 		
0x015E	0x200D      	CALL       _Delay_5500us
;__Lib_Lcd.c,102 :: 		
0x015F	0x200D      	CALL       _Delay_5500us
;__Lib_Lcd.c,105 :: 		
0x0160	0x1687      	BSF        LCD_D5, BitPos(LCD_D5+0)
;__Lib_Lcd.c,106 :: 		
0x0161	0x1607      	BSF        LCD_D4, BitPos(LCD_D4+0)
;__Lib_Lcd.c,107 :: 		
0x0162	0x1587      	BSF        LCD_EN, BitPos(LCD_EN+0)
;__Lib_Lcd.c,108 :: 		
0x0163	0x200A      	CALL       _Delay_1us
;__Lib_Lcd.c,109 :: 		
0x0164	0x1187      	BCF        LCD_EN, BitPos(LCD_EN+0)
;__Lib_Lcd.c,110 :: 		
0x0165	0x200D      	CALL       _Delay_5500us
;__Lib_Lcd.c,112 :: 		
0x0166	0x1587      	BSF        LCD_EN, BitPos(LCD_EN+0)
;__Lib_Lcd.c,113 :: 		
0x0167	0x200A      	CALL       _Delay_1us
;__Lib_Lcd.c,114 :: 		
0x0168	0x1187      	BCF        LCD_EN, BitPos(LCD_EN+0)
;__Lib_Lcd.c,115 :: 		
0x0169	0x200D      	CALL       _Delay_5500us
;__Lib_Lcd.c,117 :: 		
0x016A	0x1587      	BSF        LCD_EN, BitPos(LCD_EN+0)
;__Lib_Lcd.c,118 :: 		
0x016B	0x200A      	CALL       _Delay_1us
;__Lib_Lcd.c,119 :: 		
0x016C	0x1187      	BCF        LCD_EN, BitPos(LCD_EN+0)
;__Lib_Lcd.c,120 :: 		
0x016D	0x200D      	CALL       _Delay_5500us
;__Lib_Lcd.c,123 :: 		
0x016E	0x1207      	BCF        LCD_D4, BitPos(LCD_D4+0)
;__Lib_Lcd.c,124 :: 		
0x016F	0x1587      	BSF        LCD_EN, BitPos(LCD_EN+0)
;__Lib_Lcd.c,125 :: 		
0x0170	0x200A      	CALL       _Delay_1us
;__Lib_Lcd.c,126 :: 		
0x0171	0x1187      	BCF        LCD_EN, BitPos(LCD_EN+0)
;__Lib_Lcd.c,127 :: 		
0x0172	0x200D      	CALL       _Delay_5500us
;__Lib_Lcd.c,130 :: 		
0x0173	0x1587      	BSF        LCD_EN, BitPos(LCD_EN+0)
;__Lib_Lcd.c,131 :: 		
0x0174	0x200A      	CALL       _Delay_1us
;__Lib_Lcd.c,132 :: 		
0x0175	0x1187      	BCF        LCD_EN, BitPos(LCD_EN+0)
;__Lib_Lcd.c,134 :: 		
0x0176	0x1287      	BCF        LCD_D5, BitPos(LCD_D5+0)
;__Lib_Lcd.c,135 :: 		
0x0177	0x1787      	BSF        LCD_D7, BitPos(LCD_D7+0)
;__Lib_Lcd.c,136 :: 		
0x0178	0x1587      	BSF        LCD_EN, BitPos(LCD_EN+0)
;__Lib_Lcd.c,137 :: 		
0x0179	0x200A      	CALL       _Delay_1us
;__Lib_Lcd.c,138 :: 		
0x017A	0x1187      	BCF        LCD_EN, BitPos(LCD_EN+0)
;__Lib_Lcd.c,139 :: 		
0x017B	0x200D      	CALL       _Delay_5500us
;__Lib_Lcd.c,142 :: 		
0x017C	0x1387      	BCF        LCD_D7, BitPos(LCD_D7+0)
;__Lib_Lcd.c,143 :: 		
0x017D	0x1607      	BSF        LCD_D4, BitPos(LCD_D4+0)
;__Lib_Lcd.c,144 :: 		
0x017E	0x1587      	BSF        LCD_EN, BitPos(LCD_EN+0)
;__Lib_Lcd.c,145 :: 		
0x017F	0x200A      	CALL       _Delay_1us
;__Lib_Lcd.c,146 :: 		
0x0180	0x1187      	BCF        LCD_EN, BitPos(LCD_EN+0)
;__Lib_Lcd.c,148 :: 		
0x0181	0x1207      	BCF        LCD_D4, BitPos(LCD_D4+0)
;__Lib_Lcd.c,149 :: 		
0x0182	0x1587      	BSF        LCD_EN, BitPos(LCD_EN+0)
;__Lib_Lcd.c,150 :: 		
0x0183	0x200A      	CALL       _Delay_1us
;__Lib_Lcd.c,151 :: 		
0x0184	0x1187      	BCF        LCD_EN, BitPos(LCD_EN+0)
;__Lib_Lcd.c,152 :: 		
0x0185	0x200D      	CALL       _Delay_5500us
;__Lib_Lcd.c,155 :: 		
0x0186	0x1587      	BSF        LCD_EN, BitPos(LCD_EN+0)
;__Lib_Lcd.c,156 :: 		
0x0187	0x200A      	CALL       _Delay_1us
;__Lib_Lcd.c,157 :: 		
0x0188	0x1187      	BCF        LCD_EN, BitPos(LCD_EN+0)
;__Lib_Lcd.c,159 :: 		
0x0189	0x1607      	BSF        LCD_D4, BitPos(LCD_D4+0)
;__Lib_Lcd.c,160 :: 		
0x018A	0x1587      	BSF        LCD_EN, BitPos(LCD_EN+0)
;__Lib_Lcd.c,161 :: 		
0x018B	0x200A      	CALL       _Delay_1us
;__Lib_Lcd.c,162 :: 		
0x018C	0x1187      	BCF        LCD_EN, BitPos(LCD_EN+0)
;__Lib_Lcd.c,163 :: 		
0x018D	0x200D      	CALL       _Delay_5500us
;__Lib_Lcd.c,166 :: 		
0x018E	0x1207      	BCF        LCD_D4, BitPos(LCD_D4+0)
;__Lib_Lcd.c,167 :: 		
0x018F	0x1587      	BSF        LCD_EN, BitPos(LCD_EN+0)
;__Lib_Lcd.c,168 :: 		
0x0190	0x200A      	CALL       _Delay_1us
;__Lib_Lcd.c,169 :: 		
0x0191	0x1187      	BCF        LCD_EN, BitPos(LCD_EN+0)
;__Lib_Lcd.c,171 :: 		
0x0192	0x1787      	BSF        LCD_D7, BitPos(LCD_D7+0)
;__Lib_Lcd.c,172 :: 		
0x0193	0x1707      	BSF        LCD_D6, BitPos(LCD_D6+0)
;__Lib_Lcd.c,173 :: 		
0x0194	0x1687      	BSF        LCD_D5, BitPos(LCD_D5+0)
;__Lib_Lcd.c,174 :: 		
0x0195	0x1607      	BSF        LCD_D4, BitPos(LCD_D4+0)
;__Lib_Lcd.c,175 :: 		
0x0196	0x1587      	BSF        LCD_EN, BitPos(LCD_EN+0)
;__Lib_Lcd.c,176 :: 		
0x0197	0x200A      	CALL       _Delay_1us
;__Lib_Lcd.c,177 :: 		
0x0198	0x1187      	BCF        LCD_EN, BitPos(LCD_EN+0)
;__Lib_Lcd.c,179 :: 		
0x0199	0x200D      	CALL       _Delay_5500us
;__Lib_Lcd.c,181 :: 		
0x019A	0x146A      	BSF        __Lib_Lcd_cmd_status, BitPos(__Lib_Lcd_cmd_status+0)
;__Lib_Lcd.c,182 :: 		
L_end_Lcd_Init:
0x019B	0x0008      	RETURN
; end of _Lcd_Init
_servoRotate0:
;u1.c,3 :: 		void servoRotate0() {       //functon for servo to start
;u1.c,5 :: 		for(i=0;i<50;i++)
0x019C	0x1283      	BCF        STATUS, 5
0x019D	0x1303      	BCF        STATUS, 6
0x019E	0x01F1      	CLRF       R1
0x019F	0x01F2      	CLRF       R1+1
L_servoRotate00:
0x01A0	0x3000      	MOVLW      0
0x01A1	0x0272      	SUBWF      R1+1, 0
0x01A2	0x1D03      	BTFSS      STATUS, 2
0x01A3	0x29A6      	GOTO       L__servoRotate044
0x01A4	0x3032      	MOVLW      50
0x01A5	0x0271      	SUBWF      R1, 0
L__servoRotate044:
0x01A6	0x1803      	BTFSC      STATUS, 0
0x01A7	0x29C1      	GOTO       L_servoRotate01
;u1.c,7 :: 		PORTB.f6 = 1;
0x01A8	0x1706      	BSF        PORTB, 6
;u1.c,8 :: 		Delay_us(800);
0x01A9	0x3003      	MOVLW      3
0x01AA	0x00FC      	MOVWF      R12
0x01AB	0x3012      	MOVLW      18
0x01AC	0x00FD      	MOVWF      R13
L_servoRotate03:
0x01AD	0x0BFD      	DECFSZ     R13, 1
0x01AE	0x29AD      	GOTO       L_servoRotate03
0x01AF	0x0BFC      	DECFSZ     R12, 1
0x01B0	0x29AD      	GOTO       L_servoRotate03
0x01B1	0x0000      	NOP
;u1.c,9 :: 		PORTB.f6 = 0;
0x01B2	0x1306      	BCF        PORTB, 6
;u1.c,10 :: 		Delay_us(19200);
0x01B3	0x3032      	MOVLW      50
0x01B4	0x00FC      	MOVWF      R12
0x01B5	0x30DD      	MOVLW      221
0x01B6	0x00FD      	MOVWF      R13
L_servoRotate04:
0x01B7	0x0BFD      	DECFSZ     R13, 1
0x01B8	0x29B7      	GOTO       L_servoRotate04
0x01B9	0x0BFC      	DECFSZ     R12, 1
0x01BA	0x29B7      	GOTO       L_servoRotate04
0x01BB	0x0000      	NOP
0x01BC	0x0000      	NOP
;u1.c,5 :: 		for(i=0;i<50;i++)
0x01BD	0x0AF1      	INCF       R1, 1
0x01BE	0x1903      	BTFSC      STATUS, 2
0x01BF	0x0AF2      	INCF       R1+1, 1
;u1.c,11 :: 		}
0x01C0	0x29A0      	GOTO       L_servoRotate00
L_servoRotate01:
;u1.c,12 :: 		}
L_end_servoRotate0:
0x01C1	0x0008      	RETURN
; end of _servoRotate0
_main:
0x01C2	0x2378      	CALL       888
;u1.c,66 :: 		void main() {
;u1.c,67 :: 		TRISB=0X00;              //select port b as output
0x01C3	0x1683      	BSF        STATUS, 5
0x01C4	0x1303      	BCF        STATUS, 6
0x01C5	0x0186      	CLRF       TRISB
;u1.c,68 :: 		TRISC=0X00;             //select port c as output
0x01C6	0x0187      	CLRF       TRISC
;u1.c,69 :: 		TRISD=0XFF;            //select port d as input
0x01C7	0x30FF      	MOVLW      255
0x01C8	0x0088      	MOVWF      TRISD
;u1.c,71 :: 		PORTB=0X00;            //initial value of port b is zero
0x01C9	0x1283      	BCF        STATUS, 5
0x01CA	0x0186      	CLRF       PORTB
;u1.c,72 :: 		PORTD=0X00;           //initial value of port d is zero
0x01CB	0x0188      	CLRF       PORTD
;u1.c,73 :: 		PORTC=0X00;           //initial vlaue of port c is zero
0x01CC	0x0187      	CLRF       PORTC
;u1.c,78 :: 		inp1=0;
0x01CD	0x1683      	BSF        STATUS, 5
0x01CE	0x01A9      	CLRF       _inp1
0x01CF	0x01AA      	CLRF       _inp1+1
;u1.c,79 :: 		inp2=0;
0x01D0	0x1283      	BCF        STATUS, 5
0x01D1	0x01ED      	CLRF       _inp2
0x01D2	0x01EE      	CLRF       _inp2+1
;u1.c,80 :: 		inp3=0;
0x01D3	0x01EB      	CLRF       _inp3
0x01D4	0x01EC      	CLRF       _inp3+1
;u1.c,81 :: 		inp4=0;              //initiate variables values as zero
0x01D5	0x1683      	BSF        STATUS, 5
0x01D6	0x01AF      	CLRF       _inp4
0x01D7	0x01B0      	CLRF       _inp4+1
;u1.c,82 :: 		inp5=0;
0x01D8	0x01AD      	CLRF       _inp5
0x01D9	0x01AE      	CLRF       _inp5+1
;u1.c,83 :: 		inp6=0;
0x01DA	0x01AB      	CLRF       _inp6
0x01DB	0x01AC      	CLRF       _inp6+1
;u1.c,84 :: 		servoRotate0(); // make servo 0
0x01DC	0x219C      	CALL       _servoRotate0
;u1.c,86 :: 		Lcd_Init();
0x01DD	0x214E      	CALL       _Lcd_Init
;u1.c,87 :: 		Lcd_Cmd(_LCD_CLEAR); //clear LCD
0x01DE	0x3001      	MOVLW      1
0x01DF	0x1683      	BSF        STATUS, 5
0x01E0	0x00B5      	MOVWF      FARG_Lcd_Cmd_out_char
0x01E1	0x201A      	CALL       _Lcd_Cmd
;u1.c,88 :: 		Lcd_Cmd(_LCD_CURSOR_OFF);  //Cursor off
0x01E2	0x300C      	MOVLW      12
0x01E3	0x1683      	BSF        STATUS, 5
0x01E4	0x00B5      	MOVWF      FARG_Lcd_Cmd_out_char
0x01E5	0x201A      	CALL       _Lcd_Cmd
;u1.c,90 :: 		buzzerOff();
0x01E6	0x20C5      	CALL       _buzzerOff
;u1.c,91 :: 		while(1)
L_main13:
;u1.c,93 :: 		Lcd_Out(1,5,"WELCOME!"); //display welcome
0x01E7	0x3001      	MOVLW      1
0x01E8	0x1683      	BSF        STATUS, 5
0x01E9	0x00B1      	MOVWF      FARG_Lcd_Out_row
0x01EA	0x3005      	MOVLW      5
0x01EB	0x00B2      	MOVWF      FARG_Lcd_Out_column
0x01EC	0x3056      	MOVLW      ?lstr5_u1
0x01ED	0x00B3      	MOVWF      FARG_Lcd_Out_text
0x01EE	0x207A      	CALL       _Lcd_Out
;u1.c,94 :: 		buzzerOff();
0x01EF	0x20C5      	CALL       _buzzerOff
;u1.c,95 :: 		PORTB.f2=1;  //green light on  (road side)
0x01F0	0x1506      	BSF        PORTB, 2
;u1.c,96 :: 		PORTB.f4=1;  //red light on (train side)
0x01F1	0x1606      	BSF        PORTB, 4
;u1.c,98 :: 		if(PORTD.f0==1)                //if first switch was triggered
0x01F2	0x1C08      	BTFSS      PORTD, 0
0x01F3	0x29F9      	GOTO       L_main15
;u1.c,100 :: 		inp1=1;                      //record value in inp1
0x01F4	0x3001      	MOVLW      1
0x01F5	0x1683      	BSF        STATUS, 5
0x01F6	0x00A9      	MOVWF      _inp1
0x01F7	0x3000      	MOVLW      0
0x01F8	0x00AA      	MOVWF      _inp1+1
;u1.c,101 :: 		}
L_main15:
0x01F9	0x1683      	BSF        STATUS, 5
;u1.c,103 :: 		if(inp1==1)                   //indicate first senser was passed by train
0x01FA	0x3000      	MOVLW      0
0x01FB	0x062A      	XORWF      _inp1+1, 0
0x01FC	0x1D03      	BTFSS      STATUS, 2
0x01FD	0x2A00      	GOTO       L__main51
0x01FE	0x3001      	MOVLW      1
0x01FF	0x0629      	XORWF      _inp1, 0
L__main51:
0x0200	0x1D03      	BTFSS      STATUS, 2
0x0201	0x2A09      	GOTO       L_main16
;u1.c,104 :: 		{if(PORTD.f1==1)             //if second switch was triggered (train detect by 2nd senser)
0x0202	0x1283      	BCF        STATUS, 5
0x0203	0x1C88      	BTFSS      PORTD, 1
0x0204	0x2A09      	GOTO       L_main17
;u1.c,106 :: 		inp2=1;                //record value in inp2
0x0205	0x3001      	MOVLW      1
0x0206	0x00ED      	MOVWF      _inp2
0x0207	0x3000      	MOVLW      0
0x0208	0x00EE      	MOVWF      _inp2+1
;u1.c,107 :: 		}
L_main17:
;u1.c,108 :: 		}
L_main16:
0x0209	0x1283      	BCF        STATUS, 5
;u1.c,110 :: 		if(PORTD.f5==1)            //if 6th switch was triggered     (train detect by first sensor of the other side)
0x020A	0x1E88      	BTFSS      PORTD, 5
0x020B	0x2A11      	GOTO       L_main18
;u1.c,112 :: 		inp4=1;                  //record value in inp4
0x020C	0x3001      	MOVLW      1
0x020D	0x1683      	BSF        STATUS, 5
0x020E	0x00AF      	MOVWF      _inp4
0x020F	0x3000      	MOVLW      0
0x0210	0x00B0      	MOVWF      _inp4+1
;u1.c,113 :: 		}
L_main18:
0x0211	0x1683      	BSF        STATUS, 5
;u1.c,115 :: 		if(inp4==1)                //indicate the first sensor from the other side pass the train
0x0212	0x3000      	MOVLW      0
0x0213	0x0630      	XORWF      _inp4+1, 0
0x0214	0x1D03      	BTFSS      STATUS, 2
0x0215	0x2A18      	GOTO       L__main52
0x0216	0x3001      	MOVLW      1
0x0217	0x062F      	XORWF      _inp4, 0
L__main52:
0x0218	0x1D03      	BTFSS      STATUS, 2
0x0219	0x2A21      	GOTO       L_main19
;u1.c,117 :: 		if(PORTD.f4==1)           //if 5th switch was triggered (train detect by next sensor in other side)
0x021A	0x1283      	BCF        STATUS, 5
0x021B	0x1E08      	BTFSS      PORTD, 4
0x021C	0x2A21      	GOTO       L_main20
;u1.c,119 :: 		inp3=1;                  //record value in inp3
0x021D	0x3001      	MOVLW      1
0x021E	0x00EB      	MOVWF      _inp3
0x021F	0x3000      	MOVLW      0
0x0220	0x00EC      	MOVWF      _inp3+1
;u1.c,120 :: 		}
L_main20:
;u1.c,121 :: 		}
L_main19:
0x0221	0x1283      	BCF        STATUS, 5
;u1.c,124 :: 		if(inp2==1)               //if train was detected by second sensors
0x0222	0x3000      	MOVLW      0
0x0223	0x066E      	XORWF      _inp2+1, 0
0x0224	0x1D03      	BTFSS      STATUS, 2
0x0225	0x2A28      	GOTO       L__main53
0x0226	0x3001      	MOVLW      1
0x0227	0x066D      	XORWF      _inp2, 0
L__main53:
0x0228	0x1D03      	BTFSS      STATUS, 2
0x0229	0x2A95      	GOTO       L_main21
;u1.c,126 :: 		if(inp1==1)            //if train detect by first senser
0x022A	0x3000      	MOVLW      0
0x022B	0x1683      	BSF        STATUS, 5
0x022C	0x062A      	XORWF      _inp1+1, 0
0x022D	0x1D03      	BTFSS      STATUS, 2
0x022E	0x2A31      	GOTO       L__main54
0x022F	0x3001      	MOVLW      1
0x0230	0x0629      	XORWF      _inp1, 0
L__main54:
0x0231	0x1D03      	BTFSS      STATUS, 2
0x0232	0x2A8A      	GOTO       L_main22
;u1.c,131 :: 		PORTB.f2=0;           //turn off green light in traffic light
0x0233	0x1283      	BCF        STATUS, 5
0x0234	0x1106      	BCF        PORTB, 2
;u1.c,132 :: 		PORTB.f1=1;          //turn on the orange light
0x0235	0x1486      	BSF        PORTB, 1
;u1.c,133 :: 		Delay_ms(1500);      //give a delay of 1s
0x0236	0x3010      	MOVLW      16
0x0237	0x00FB      	MOVWF      R11
0x0238	0x3039      	MOVLW      57
0x0239	0x00FC      	MOVWF      R12
0x023A	0x300D      	MOVLW      13
0x023B	0x00FD      	MOVWF      R13
L_main23:
0x023C	0x0BFD      	DECFSZ     R13, 1
0x023D	0x2A3C      	GOTO       L_main23
0x023E	0x0BFC      	DECFSZ     R12, 1
0x023F	0x2A3C      	GOTO       L_main23
0x0240	0x0BFB      	DECFSZ     R11, 1
0x0241	0x2A3C      	GOTO       L_main23
0x0242	0x0000      	NOP
0x0243	0x0000      	NOP
;u1.c,135 :: 		buzzerOn();       //turn on the buzzer
0x0244	0x20C9      	CALL       _buzzerOn
;u1.c,136 :: 		ledstop();           // show"STOP"
0x0245	0x20CD      	CALL       _ledstop
;u1.c,138 :: 		PORTB.f1=0;          //turn off orange light
0x0246	0x1086      	BCF        PORTB, 1
;u1.c,139 :: 		PORTB.f4=0;          //turn off Red light (Train Side)
0x0247	0x1206      	BCF        PORTB, 4
;u1.c,140 :: 		PORTB.f5=1;          //turn on Green light (Train Side)
0x0248	0x1686      	BSF        PORTB, 5
;u1.c,141 :: 		PORTB.f0=1;          //turn on the red light in traffic light
0x0249	0x1406      	BSF        PORTB, 0
;u1.c,142 :: 		servoRotate90();     //rotate the servos (close the gates)
0x024A	0x2128      	CALL       _servoRotate90
;u1.c,145 :: 		while(PORTD.f3==0)      //while the 3rd from the RHS is not detect the train
L_main24:
0x024B	0x1988      	BTFSC      PORTD, 3
0x024C	0x2A51      	GOTO       L_main25
;u1.c,147 :: 		ledstop();
0x024D	0x20CD      	CALL       _ledstop
;u1.c,149 :: 		PORTB.f0=1;             //turn on the red lights
0x024E	0x1406      	BSF        PORTB, 0
;u1.c,150 :: 		PORTB.f5=1;          //turn on Green light (Train Side)
0x024F	0x1686      	BSF        PORTB, 5
;u1.c,151 :: 		}
0x0250	0x2A4B      	GOTO       L_main24
L_main25:
;u1.c,153 :: 		while(PORTD.f3==1)     //while the 3rd from the RHS is detect the train
L_main26:
0x0251	0x1D88      	BTFSS      PORTD, 3
0x0252	0x2A57      	GOTO       L_main27
;u1.c,155 :: 		ledstop();
0x0253	0x20CD      	CALL       _ledstop
;u1.c,157 :: 		PORTB.f0=1;            //turn on the red lights
0x0254	0x1406      	BSF        PORTB, 0
;u1.c,158 :: 		PORTB.f5=1;          //turn on Green light (Train Side)
0x0255	0x1686      	BSF        PORTB, 5
;u1.c,159 :: 		}
0x0256	0x2A51      	GOTO       L_main26
L_main27:
;u1.c,163 :: 		PORTB.f0=1;            //trun the red light on
0x0257	0x1406      	BSF        PORTB, 0
;u1.c,164 :: 		delay_ms(300);         //wait for 0.8s
0x0258	0x3004      	MOVLW      4
0x0259	0x00FB      	MOVWF      R11
0x025A	0x300C      	MOVLW      12
0x025B	0x00FC      	MOVWF      R12
0x025C	0x3033      	MOVLW      51
0x025D	0x00FD      	MOVWF      R13
L_main28:
0x025E	0x0BFD      	DECFSZ     R13, 1
0x025F	0x2A5E      	GOTO       L_main28
0x0260	0x0BFC      	DECFSZ     R12, 1
0x0261	0x2A5E      	GOTO       L_main28
0x0262	0x0BFB      	DECFSZ     R11, 1
0x0263	0x2A5E      	GOTO       L_main28
0x0264	0x0000      	NOP
0x0265	0x0000      	NOP
;u1.c,165 :: 		PORTB.f0=0;            //turn off the red light
0x0266	0x1006      	BCF        PORTB, 0
;u1.c,167 :: 		PORTB.f1=1;            //turn the orange light on
0x0267	0x1486      	BSF        PORTB, 1
;u1.c,168 :: 		Delay_ms(1500);        //wait for 2s
0x0268	0x3010      	MOVLW      16
0x0269	0x00FB      	MOVWF      R11
0x026A	0x3039      	MOVLW      57
0x026B	0x00FC      	MOVWF      R12
0x026C	0x300D      	MOVLW      13
0x026D	0x00FD      	MOVWF      R13
L_main29:
0x026E	0x0BFD      	DECFSZ     R13, 1
0x026F	0x2A6E      	GOTO       L_main29
0x0270	0x0BFC      	DECFSZ     R12, 1
0x0271	0x2A6E      	GOTO       L_main29
0x0272	0x0BFB      	DECFSZ     R11, 1
0x0273	0x2A6E      	GOTO       L_main29
0x0274	0x0000      	NOP
0x0275	0x0000      	NOP
;u1.c,170 :: 		servoRotate0();        // initiate the servo again (open the rail roads)
0x0276	0x219C      	CALL       _servoRotate0
;u1.c,171 :: 		Lcd_Cmd(_LCD_CLEAR);
0x0277	0x3001      	MOVLW      1
0x0278	0x1683      	BSF        STATUS, 5
0x0279	0x00B5      	MOVWF      FARG_Lcd_Cmd_out_char
0x027A	0x201A      	CALL       _Lcd_Cmd
;u1.c,172 :: 		buzzerOff();       //turn on the buzzer
0x027B	0x20C5      	CALL       _buzzerOff
;u1.c,175 :: 		PORTB.f1=0;            //turn off the orange lights
0x027C	0x1086      	BCF        PORTB, 1
;u1.c,176 :: 		PORTB.f5=0;          //turn off Green light (Train Side)
0x027D	0x1286      	BCF        PORTB, 5
;u1.c,178 :: 		inp1=0 ;            //return inp1 value back to zero
0x027E	0x1683      	BSF        STATUS, 5
0x027F	0x01A9      	CLRF       _inp1
0x0280	0x01AA      	CLRF       _inp1+1
;u1.c,179 :: 		inp2=0 ;            //return inp2 value back to zero
0x0281	0x1283      	BCF        STATUS, 5
0x0282	0x01ED      	CLRF       _inp2
0x0283	0x01EE      	CLRF       _inp2+1
;u1.c,180 :: 		inp3=0 ;            //return inp3 value back to zero
0x0284	0x01EB      	CLRF       _inp3
0x0285	0x01EC      	CLRF       _inp3+1
;u1.c,181 :: 		inp4=0 ;            //return inp4 value back to zero
0x0286	0x1683      	BSF        STATUS, 5
0x0287	0x01AF      	CLRF       _inp4
0x0288	0x01B0      	CLRF       _inp4+1
;u1.c,183 :: 		}
0x0289	0x2A94      	GOTO       L_main30
L_main22:
;u1.c,186 :: 		Lcd_Out(1,5,"WELCOME!");
0x028A	0x3001      	MOVLW      1
0x028B	0x00B1      	MOVWF      FARG_Lcd_Out_row
0x028C	0x3005      	MOVLW      5
0x028D	0x00B2      	MOVWF      FARG_Lcd_Out_column
0x028E	0x304D      	MOVLW      ?lstr6_u1
0x028F	0x00B3      	MOVWF      FARG_Lcd_Out_text
0x0290	0x207A      	CALL       _Lcd_Out
;u1.c,188 :: 		PORTB.f2=1;          //turn on green lights
0x0291	0x1506      	BSF        PORTB, 2
;u1.c,189 :: 		PORTB.f1=0;          //other lights are off
0x0292	0x1086      	BCF        PORTB, 1
;u1.c,190 :: 		PORTB.f0=0;
0x0293	0x1006      	BCF        PORTB, 0
;u1.c,191 :: 		}
L_main30:
;u1.c,192 :: 		}
0x0294	0x2AA0      	GOTO       L_main31
L_main21:
;u1.c,195 :: 		Lcd_Out(1,5,"WELCOME!");
0x0295	0x3001      	MOVLW      1
0x0296	0x1683      	BSF        STATUS, 5
0x0297	0x00B1      	MOVWF      FARG_Lcd_Out_row
0x0298	0x3005      	MOVLW      5
0x0299	0x00B2      	MOVWF      FARG_Lcd_Out_column
0x029A	0x3044      	MOVLW      ?lstr7_u1
0x029B	0x00B3      	MOVWF      FARG_Lcd_Out_text
0x029C	0x207A      	CALL       _Lcd_Out
;u1.c,197 :: 		PORTB.f2=1;       //turn green light on
0x029D	0x1506      	BSF        PORTB, 2
;u1.c,198 :: 		PORTB.f1=0;
0x029E	0x1086      	BCF        PORTB, 1
;u1.c,199 :: 		PORTB.f0=0;       //other lights are off
0x029F	0x1006      	BCF        PORTB, 0
;u1.c,200 :: 		}
L_main31:
0x02A0	0x1283      	BCF        STATUS, 5
;u1.c,202 :: 		if(inp3==1)        //if train detect by 2nd sensor from the RHS side
0x02A1	0x3000      	MOVLW      0
0x02A2	0x066C      	XORWF      _inp3+1, 0
0x02A3	0x1D03      	BTFSS      STATUS, 2
0x02A4	0x2AA7      	GOTO       L__main55
0x02A5	0x3001      	MOVLW      1
0x02A6	0x066B      	XORWF      _inp3, 0
L__main55:
0x02A7	0x1D03      	BTFSS      STATUS, 2
0x02A8	0x2B14      	GOTO       L_main32
;u1.c,204 :: 		if(inp4==1)      //if train detects by 1st sensor from RHS side
0x02A9	0x3000      	MOVLW      0
0x02AA	0x1683      	BSF        STATUS, 5
0x02AB	0x0630      	XORWF      _inp4+1, 0
0x02AC	0x1D03      	BTFSS      STATUS, 2
0x02AD	0x2AB0      	GOTO       L__main56
0x02AE	0x3001      	MOVLW      1
0x02AF	0x062F      	XORWF      _inp4, 0
L__main56:
0x02B0	0x1D03      	BTFSS      STATUS, 2
0x02B1	0x2B09      	GOTO       L_main33
;u1.c,207 :: 		PORTB.f2=0;      //turn off green light
0x02B2	0x1283      	BCF        STATUS, 5
0x02B3	0x1106      	BCF        PORTB, 2
;u1.c,208 :: 		PORTB.f1=1;       //turn on the orange light
0x02B4	0x1486      	BSF        PORTB, 1
;u1.c,209 :: 		Delay_ms(1500);
0x02B5	0x3010      	MOVLW      16
0x02B6	0x00FB      	MOVWF      R11
0x02B7	0x3039      	MOVLW      57
0x02B8	0x00FC      	MOVWF      R12
0x02B9	0x300D      	MOVLW      13
0x02BA	0x00FD      	MOVWF      R13
L_main34:
0x02BB	0x0BFD      	DECFSZ     R13, 1
0x02BC	0x2ABB      	GOTO       L_main34
0x02BD	0x0BFC      	DECFSZ     R12, 1
0x02BE	0x2ABB      	GOTO       L_main34
0x02BF	0x0BFB      	DECFSZ     R11, 1
0x02C0	0x2ABB      	GOTO       L_main34
0x02C1	0x0000      	NOP
0x02C2	0x0000      	NOP
;u1.c,211 :: 		buzzerOn();       //turn on the buzzer
0x02C3	0x20C9      	CALL       _buzzerOn
;u1.c,212 :: 		ledstop();         //show "STOP"
0x02C4	0x20CD      	CALL       _ledstop
;u1.c,214 :: 		PORTB.f1=0;        //turn off the orange light
0x02C5	0x1086      	BCF        PORTB, 1
;u1.c,215 :: 		PORTB.f4=0;          //turn off Red light (Train Side)
0x02C6	0x1206      	BCF        PORTB, 4
;u1.c,216 :: 		PORTB.f5=1;          //turn on Green light (Train Side)
0x02C7	0x1686      	BSF        PORTB, 5
;u1.c,217 :: 		PORTB.f0=1;        //turn on red light
0x02C8	0x1406      	BSF        PORTB, 0
;u1.c,218 :: 		servoRotate90();     //initiate the servo (roads are closed)
0x02C9	0x2128      	CALL       _servoRotate90
;u1.c,220 :: 		while(PORTD.f2==0)     //while train not detect by 3rd sensor from LHS
L_main35:
0x02CA	0x1908      	BTFSC      PORTD, 2
0x02CB	0x2AD0      	GOTO       L_main36
;u1.c,222 :: 		ledstop();
0x02CC	0x20CD      	CALL       _ledstop
;u1.c,223 :: 		PORTB.f0=1;     //turn on the red lights
0x02CD	0x1406      	BSF        PORTB, 0
;u1.c,224 :: 		PORTB.f5=1;          //turn on Green light (Train Side)
0x02CE	0x1686      	BSF        PORTB, 5
;u1.c,225 :: 		}
0x02CF	0x2ACA      	GOTO       L_main35
L_main36:
;u1.c,227 :: 		while(PORTD.f2==1)     //while train detect by 3rd sensor from LHS
L_main37:
0x02D0	0x1D08      	BTFSS      PORTD, 2
0x02D1	0x2AD6      	GOTO       L_main38
;u1.c,229 :: 		ledstop();
0x02D2	0x20CD      	CALL       _ledstop
;u1.c,230 :: 		PORTB.f0=1;        //turn on the red lights
0x02D3	0x1406      	BSF        PORTB, 0
;u1.c,231 :: 		PORTB.f5=1;          //turn on Green light (Train Side)
0x02D4	0x1686      	BSF        PORTB, 5
;u1.c,232 :: 		}
0x02D5	0x2AD0      	GOTO       L_main37
L_main38:
;u1.c,234 :: 		PORTB.f0=1;              //turn on red lights
0x02D6	0x1406      	BSF        PORTB, 0
;u1.c,235 :: 		delay_ms(300);
0x02D7	0x3004      	MOVLW      4
0x02D8	0x00FB      	MOVWF      R11
0x02D9	0x300C      	MOVLW      12
0x02DA	0x00FC      	MOVWF      R12
0x02DB	0x3033      	MOVLW      51
0x02DC	0x00FD      	MOVWF      R13
L_main39:
0x02DD	0x0BFD      	DECFSZ     R13, 1
0x02DE	0x2ADD      	GOTO       L_main39
0x02DF	0x0BFC      	DECFSZ     R12, 1
0x02E0	0x2ADD      	GOTO       L_main39
0x02E1	0x0BFB      	DECFSZ     R11, 1
0x02E2	0x2ADD      	GOTO       L_main39
0x02E3	0x0000      	NOP
0x02E4	0x0000      	NOP
;u1.c,236 :: 		PORTB.f0=0;             //turn off red lights
0x02E5	0x1006      	BCF        PORTB, 0
;u1.c,238 :: 		PORTB.f1=1;             //turn on the orange lights
0x02E6	0x1486      	BSF        PORTB, 1
;u1.c,239 :: 		Delay_ms(1500);
0x02E7	0x3010      	MOVLW      16
0x02E8	0x00FB      	MOVWF      R11
0x02E9	0x3039      	MOVLW      57
0x02EA	0x00FC      	MOVWF      R12
0x02EB	0x300D      	MOVLW      13
0x02EC	0x00FD      	MOVWF      R13
L_main40:
0x02ED	0x0BFD      	DECFSZ     R13, 1
0x02EE	0x2AED      	GOTO       L_main40
0x02EF	0x0BFC      	DECFSZ     R12, 1
0x02F0	0x2AED      	GOTO       L_main40
0x02F1	0x0BFB      	DECFSZ     R11, 1
0x02F2	0x2AED      	GOTO       L_main40
0x02F3	0x0000      	NOP
0x02F4	0x0000      	NOP
;u1.c,240 :: 		servoRotate0();        //initiate servo (open the roads)
0x02F5	0x219C      	CALL       _servoRotate0
;u1.c,241 :: 		buzzerOff();       //turn on the buzzer
0x02F6	0x20C5      	CALL       _buzzerOff
;u1.c,242 :: 		Lcd_Cmd(_LCD_CLEAR);
0x02F7	0x3001      	MOVLW      1
0x02F8	0x1683      	BSF        STATUS, 5
0x02F9	0x00B5      	MOVWF      FARG_Lcd_Cmd_out_char
0x02FA	0x201A      	CALL       _Lcd_Cmd
;u1.c,243 :: 		PORTB.f1=0;             //turn off the orange lights
0x02FB	0x1086      	BCF        PORTB, 1
;u1.c,244 :: 		PORTB.f5=0;          //turn off Green light (Train Side)
0x02FC	0x1286      	BCF        PORTB, 5
;u1.c,246 :: 		inp1=0 ;                   //return inp1 value back to zero
0x02FD	0x1683      	BSF        STATUS, 5
0x02FE	0x01A9      	CLRF       _inp1
0x02FF	0x01AA      	CLRF       _inp1+1
;u1.c,247 :: 		inp2=0 ;                   //return inp2 value back to zero
0x0300	0x1283      	BCF        STATUS, 5
0x0301	0x01ED      	CLRF       _inp2
0x0302	0x01EE      	CLRF       _inp2+1
;u1.c,248 :: 		inp3=0 ;                   //return inp3 value back to zero
0x0303	0x01EB      	CLRF       _inp3
0x0304	0x01EC      	CLRF       _inp3+1
;u1.c,249 :: 		inp4=0 ;                   //return inp4 value back to zero
0x0305	0x1683      	BSF        STATUS, 5
0x0306	0x01AF      	CLRF       _inp4
0x0307	0x01B0      	CLRF       _inp4+1
;u1.c,251 :: 		}
0x0308	0x2B13      	GOTO       L_main41
L_main33:
;u1.c,254 :: 		Lcd_Out(1,5,"WELCOME!");
0x0309	0x3001      	MOVLW      1
0x030A	0x00B1      	MOVWF      FARG_Lcd_Out_row
0x030B	0x3005      	MOVLW      5
0x030C	0x00B2      	MOVWF      FARG_Lcd_Out_column
0x030D	0x30A0      	MOVLW      ?lstr8_u1
0x030E	0x00B3      	MOVWF      FARG_Lcd_Out_text
0x030F	0x207A      	CALL       _Lcd_Out
;u1.c,255 :: 		PORTB.f2=1;           //turn on the green lights
0x0310	0x1506      	BSF        PORTB, 2
;u1.c,256 :: 		PORTB.f1=0;
0x0311	0x1086      	BCF        PORTB, 1
;u1.c,257 :: 		PORTB.f0=0;          //other lights are off
0x0312	0x1006      	BCF        PORTB, 0
;u1.c,258 :: 		}
L_main41:
;u1.c,259 :: 		}
0x0313	0x2B1F      	GOTO       L_main42
L_main32:
;u1.c,262 :: 		Lcd_Out(1,5,"WELCOME!");
0x0314	0x3001      	MOVLW      1
0x0315	0x1683      	BSF        STATUS, 5
0x0316	0x00B1      	MOVWF      FARG_Lcd_Out_row
0x0317	0x3005      	MOVLW      5
0x0318	0x00B2      	MOVWF      FARG_Lcd_Out_column
0x0319	0x305F      	MOVLW      ?lstr9_u1
0x031A	0x00B3      	MOVWF      FARG_Lcd_Out_text
0x031B	0x207A      	CALL       _Lcd_Out
;u1.c,263 :: 		PORTB.f2=1;        //turn on the green lights
0x031C	0x1506      	BSF        PORTB, 2
;u1.c,264 :: 		PORTB.f1=0;
0x031D	0x1086      	BCF        PORTB, 1
;u1.c,265 :: 		PORTB.f0=0;        //other lights are off
0x031E	0x1006      	BCF        PORTB, 0
;u1.c,266 :: 		}
L_main42:
;u1.c,267 :: 		}
0x031F	0x29E7      	GOTO       L_main13
;u1.c,268 :: 		}
L_end_main:
0x0320	0x2B20      	GOTO       $+0
; end of _main
0x0378	0x3020      	MOVLW      32
0x0379	0x0084      	MOVWF      FSR
0x037A	0x3048      	MOVLW      72
0x037B	0x1283      	BCF        STATUS, 5
0x037C	0x1303      	BCF        STATUS, 6
0x037D	0x00F0      	MOVWF      R0
0x037E	0x3026      	MOVLW      38
0x037F	0x00E8      	MOVWF      ___DoICPAddr
0x0380	0x3003      	MOVLW      3
0x0381	0x00E9      	MOVWF      105
0x0382	0x211C      	CALL       284
0x0383	0x30A0      	MOVLW      160
0x0384	0x0084      	MOVWF      FSR
0x0385	0x3009      	MOVLW      9
0x0386	0x00F0      	MOVWF      R0
0x0387	0x306E      	MOVLW      110
0x0388	0x00E8      	MOVWF      ___DoICPAddr
0x0389	0x3003      	MOVLW      3
0x038A	0x00E9      	MOVWF      105
0x038B	0x211C      	CALL       284
0x038C	0x0008      	RETURN
;u1.c,0 :: ?ICS?lstr1_u1
0x0326	0x3453 ;?ICS?lstr1_u1+0
0x0327	0x3454 ;?ICS?lstr1_u1+1
0x0328	0x344F ;?ICS?lstr1_u1+2
0x0329	0x3450 ;?ICS?lstr1_u1+3
0x032A	0x3421 ;?ICS?lstr1_u1+4
0x032B	0x3400 ;?ICS?lstr1_u1+5
; end of ?ICS?lstr1_u1
;u1.c,0 :: ?ICS?lstr4_u1
0x032C	0x3420 ;?ICS?lstr4_u1+0
0x032D	0x3420 ;?ICS?lstr4_u1+1
0x032E	0x3420 ;?ICS?lstr4_u1+2
0x032F	0x3420 ;?ICS?lstr4_u1+3
0x0330	0x3420 ;?ICS?lstr4_u1+4
0x0331	0x3420 ;?ICS?lstr4_u1+5
0x0332	0x3420 ;?ICS?lstr4_u1+6
0x0333	0x3420 ;?ICS?lstr4_u1+7
0x0334	0x3420 ;?ICS?lstr4_u1+8
0x0335	0x3420 ;?ICS?lstr4_u1+9
0x0336	0x3420 ;?ICS?lstr4_u1+10
0x0337	0x3400 ;?ICS?lstr4_u1+11
; end of ?ICS?lstr4_u1
;u1.c,0 :: ?ICS?lstr3_u1
0x0338	0x3420 ;?ICS?lstr3_u1+0
0x0339	0x3420 ;?ICS?lstr3_u1+1
0x033A	0x3420 ;?ICS?lstr3_u1+2
0x033B	0x3420 ;?ICS?lstr3_u1+3
0x033C	0x3420 ;?ICS?lstr3_u1+4
0x033D	0x3400 ;?ICS?lstr3_u1+5
; end of ?ICS?lstr3_u1
;u1.c,0 :: ?ICS?lstr2_u1
0x033E	0x3474 ;?ICS?lstr2_u1+0
0x033F	0x3472 ;?ICS?lstr2_u1+1
0x0340	0x3461 ;?ICS?lstr2_u1+2
0x0341	0x3469 ;?ICS?lstr2_u1+3
0x0342	0x346E ;?ICS?lstr2_u1+4
0x0343	0x3420 ;?ICS?lstr2_u1+5
0x0344	0x3461 ;?ICS?lstr2_u1+6
0x0345	0x346C ;?ICS?lstr2_u1+7
0x0346	0x3465 ;?ICS?lstr2_u1+8
0x0347	0x3472 ;?ICS?lstr2_u1+9
0x0348	0x3474 ;?ICS?lstr2_u1+10
0x0349	0x3400 ;?ICS?lstr2_u1+11
; end of ?ICS?lstr2_u1
;u1.c,0 :: ?ICS?lstr7_u1
0x034A	0x3457 ;?ICS?lstr7_u1+0
0x034B	0x3445 ;?ICS?lstr7_u1+1
0x034C	0x344C ;?ICS?lstr7_u1+2
0x034D	0x3443 ;?ICS?lstr7_u1+3
0x034E	0x344F ;?ICS?lstr7_u1+4
0x034F	0x344D ;?ICS?lstr7_u1+5
0x0350	0x3445 ;?ICS?lstr7_u1+6
0x0351	0x3421 ;?ICS?lstr7_u1+7
0x0352	0x3400 ;?ICS?lstr7_u1+8
; end of ?ICS?lstr7_u1
;u1.c,0 :: ?ICS?lstr6_u1
0x0353	0x3457 ;?ICS?lstr6_u1+0
0x0354	0x3445 ;?ICS?lstr6_u1+1
0x0355	0x344C ;?ICS?lstr6_u1+2
0x0356	0x3443 ;?ICS?lstr6_u1+3
0x0357	0x344F ;?ICS?lstr6_u1+4
0x0358	0x344D ;?ICS?lstr6_u1+5
0x0359	0x3445 ;?ICS?lstr6_u1+6
0x035A	0x3421 ;?ICS?lstr6_u1+7
0x035B	0x3400 ;?ICS?lstr6_u1+8
; end of ?ICS?lstr6_u1
;u1.c,0 :: ?ICS?lstr5_u1
0x035C	0x3457 ;?ICS?lstr5_u1+0
0x035D	0x3445 ;?ICS?lstr5_u1+1
0x035E	0x344C ;?ICS?lstr5_u1+2
0x035F	0x3443 ;?ICS?lstr5_u1+3
0x0360	0x344F ;?ICS?lstr5_u1+4
0x0361	0x344D ;?ICS?lstr5_u1+5
0x0362	0x3445 ;?ICS?lstr5_u1+6
0x0363	0x3421 ;?ICS?lstr5_u1+7
0x0364	0x3400 ;?ICS?lstr5_u1+8
; end of ?ICS?lstr5_u1
;u1.c,0 :: ?ICS?lstr9_u1
0x0365	0x3457 ;?ICS?lstr9_u1+0
0x0366	0x3445 ;?ICS?lstr9_u1+1
0x0367	0x344C ;?ICS?lstr9_u1+2
0x0368	0x3443 ;?ICS?lstr9_u1+3
0x0369	0x344F ;?ICS?lstr9_u1+4
0x036A	0x344D ;?ICS?lstr9_u1+5
0x036B	0x3445 ;?ICS?lstr9_u1+6
0x036C	0x3421 ;?ICS?lstr9_u1+7
0x036D	0x3400 ;?ICS?lstr9_u1+8
; end of ?ICS?lstr9_u1
;u1.c,0 :: ?ICS?lstr8_u1
0x036E	0x3457 ;?ICS?lstr8_u1+0
0x036F	0x3445 ;?ICS?lstr8_u1+1
0x0370	0x344C ;?ICS?lstr8_u1+2
0x0371	0x3443 ;?ICS?lstr8_u1+3
0x0372	0x344F ;?ICS?lstr8_u1+4
0x0373	0x344D ;?ICS?lstr8_u1+5
0x0374	0x3445 ;?ICS?lstr8_u1+6
0x0375	0x3421 ;?ICS?lstr8_u1+7
0x0376	0x3400 ;?ICS?lstr8_u1+8
; end of ?ICS?lstr8_u1
Symbol List:
//** Routines locations **
//ADDRESS    SIZE    PROCEDURE
//----------------------------------------------
0x0003       [7]    _Delay_50us
0x000A       [3]    _Delay_1us
0x000D      [13]    _Delay_5500us
0x001A      [87]    _Lcd_Cmd
0x0071       [9]    _Lcd_Chr_CP
0x007A      [68]    _Lcd_Out
0x00BE       [7]    _____DoICP
0x00C5       [4]    _buzzerOff
0x00C9       [4]    _buzzerOn
0x00CD      [79]    _ledstop
0x011C      [12]    ___CC2DW
0x0128      [38]    _servoRotate90
0x014E      [78]    _Lcd_Init
0x019C      [38]    _servoRotate0
0x01C2     [350]    _main
//** Variables locations ** 
//ADDRESS    SIZE    VARIABLE
//----------------------------------------------
0x0000       [1]    INDF
0x0002       [1]    PCL
0x0003       [1]    STATUS
0x0004       [1]    FSR
0x0006       [1]    PORTB
0x0007       [0]    LCD_EN
0x0007       [0]    LCD_D5
0x0007       [1]    PORTC
0x0007       [0]    LCD_D6
0x0007       [0]    LCD_RS
0x0007       [0]    LCD_D4
0x0007       [0]    RC2_bit
0x0007       [0]    RC3_bit
0x0007       [0]    RC4_bit
0x0007       [0]    RC7_bit
0x0007       [0]    LCD_D7
0x0007       [0]    RC5_bit
0x0007       [0]    RC6_bit
0x0008       [1]    PORTD
0x000A       [1]    PCLATH
0x0020       [6]    ?lstr1_u1
0x0026      [12]    ?lstr4_u1
0x0032       [6]    ?lstr3_u1
0x0038      [12]    ?lstr2_u1
0x0044       [9]    ?lstr7_u1
0x004D       [9]    ?lstr6_u1
0x0056       [9]    ?lstr5_u1
0x005F       [9]    ?lstr9_u1
0x0068       [2]    ___DoICPAddr
0x006A       [0]    __Lib_Lcd_cmd_status
0x006B       [2]    _inp3
0x006D       [2]    _inp2
0x006F       [1]    Lcd_Out_i_L0
0x0070       [1]    R0
0x0071       [1]    R1
0x0072       [1]    R2
0x0073       [1]    R3
0x0074       [1]    R4
0x0075       [1]    R5
0x0076       [1]    R6
0x0077       [1]    R7
0x0078       [1]    R8
0x0079       [1]    R9
0x007A       [1]    R10
0x007B       [1]    R11
0x007C       [1]    R12
0x007D       [1]    R13
0x007E       [1]    R14
0x007F       [1]    R15
0x0086       [1]    TRISB
0x0087       [0]    TRISC4_bit
0x0087       [0]    TRISC5_bit
0x0087       [0]    TRISC2_bit
0x0087       [0]    TRISC3_bit
0x0087       [0]    LCD_D7_Direction
0x0087       [0]    LCD_EN_Direction
0x0087       [0]    LCD_D4_Direction
0x0087       [0]    TRISC6_bit
0x0087       [0]    LCD_RS_Direction
0x0087       [0]    LCD_D5_Direction
0x0087       [1]    TRISC
0x0087       [0]    TRISC7_bit
0x0087       [0]    LCD_D6_Direction
0x0088       [1]    TRISD
0x00A0       [9]    ?lstr8_u1
0x00A9       [2]    _inp1
0x00AB       [2]    _inp6
0x00AD       [2]    _inp5
0x00AF       [2]    _inp4
0x00B1       [1]    FARG_Lcd_Out_row
0x00B2       [1]    FARG_Lcd_Out_column
0x00B3       [1]    FARG_Lcd_Out_text
0x00B4       [1]    FARG_Lcd_Chr_CP_out_char
0x00B5       [1]    FARG_Lcd_Cmd_out_char
//** Constants locations ** 
//ADDRESS    SIZE    CONSTANT
//----------------------------------------------
0x0326       [6]    ?ICS?lstr1_u1
0x032C      [12]    ?ICS?lstr4_u1
0x0338       [6]    ?ICS?lstr3_u1
0x033E      [12]    ?ICS?lstr2_u1
0x034A       [9]    ?ICS?lstr7_u1
0x0353       [9]    ?ICS?lstr6_u1
0x035C       [9]    ?ICS?lstr5_u1
0x0365       [9]    ?ICS?lstr9_u1
0x036E       [9]    ?ICS?lstr8_u1
